2022-11-06 14:47:13,423:INFO:PyCaret Supervised Module
2022-11-06 14:47:13,432:INFO:ML Usecase: regression
2022-11-06 14:47:13,443:INFO:version 2.3.10
2022-11-06 14:47:13,449:INFO:Initializing setup()
2022-11-06 14:47:13,457:INFO:setup(target=price, ml_usecase=regression, available_plots={'parameter': 'Hyperparameters', 'residuals': 'Residuals', 'error': 'Prediction Error', 'cooks': 'Cooks Distance', 'rfe': 'Feature Selection', 'learning': 'Learning Curve', 'manifold': 'Manifold Learning', 'vc': 'Validation Curve', 'feature': 'Feature Importance', 'feature_all': 'Feature Importance (All)', 'tree': 'Decision Tree', 'residuals_interactive': 'Interactive Residuals'}, train_size=0.7, test_data=None, preprocess=True, imputation_type=simple, iterative_imputation_iters=5, categorical_features=None, categorical_imputation=constant, categorical_iterative_imputer=lightgbm, ordinal_features=None, high_cardinality_features=None, high_cardinality_method=frequency, numeric_features=None, numeric_imputation=mean, numeric_iterative_imputer=lightgbm, date_features=None, ignore_features=None, normalize=False, normalize_method=zscore, transformation=False, transformation_method=yeo-johnson, handle_unknown_categorical=True, unknown_categorical_method=least_frequent, pca=False, pca_method=linear, pca_components=None, ignore_low_variance=False, combine_rare_levels=False, rare_level_threshold=0.1, bin_numeric_features=None, remove_outliers=False, outliers_threshold=0.05, remove_multicollinearity=False, multicollinearity_threshold=0.9, remove_perfect_collinearity=True, create_clusters=False, cluster_iter=20, polynomial_features=False, polynomial_degree=2, trigonometry_features=False, polynomial_threshold=0.1, group_features=None, group_names=None, feature_selection=False, feature_selection_threshold=0.8, feature_selection_method=classic, feature_interaction=False, feature_ratio=False, interaction_threshold=0.01, fix_imbalance=False, fix_imbalance_method=None, transform_target=False, transform_target_method=box-cox, data_split_shuffle=True, data_split_stratify=False, fold_strategy=kfold, fold=10, fold_shuffle=True, fold_groups=None, n_jobs=-1, use_gpu=False, custom_pipeline=None, html=True, session_id=123, log_experiment=False, experiment_name=house_price_prediction, experiment_custom_tags=None, log_plots=False, log_profile=False, log_data=False, silent=False, verbose=True, profile=False, profile_kwargs=None, display=None)
2022-11-06 14:47:13,471:INFO:Checking environment
2022-11-06 14:47:13,479:INFO:python_version: 3.7.15
2022-11-06 14:47:13,486:INFO:python_build: ('default', 'Oct 12 2022 19:14:55')
2022-11-06 14:47:13,491:INFO:machine: x86_64
2022-11-06 14:47:13,502:INFO:platform: Linux-5.10.133+-x86_64-with-Ubuntu-18.04-bionic
2022-11-06 14:47:13,520:INFO:Memory: svmem(total=13616353280, available=12049731584, percent=11.5, used=1363165184, free=6845378560, active=652926976, inactive=5753524224, buffers=359321600, cached=5048487936, shared=1306624, slab=279633920)
2022-11-06 14:47:13,526:INFO:Physical Core: 1
2022-11-06 14:47:13,537:INFO:Logical Core: 2
2022-11-06 14:47:13,545:INFO:Checking libraries
2022-11-06 14:47:13,551:INFO:pd==1.3.5
2022-11-06 14:47:13,559:INFO:numpy==1.19.5
2022-11-06 14:47:13,569:INFO:sklearn==0.23.2
2022-11-06 14:47:13,575:INFO:lightgbm==3.3.3
2022-11-06 14:47:13,581:WARNING:catboost not found
2022-11-06 14:47:13,689:INFO:xgboost==0.90
2022-11-06 14:47:13,690:INFO:mlflow==1.30.0
2022-11-06 14:47:13,715:INFO:Checking Exceptions
2022-11-06 14:47:13,720:INFO:Declaring global variables
2022-11-06 14:47:13,732:INFO:USI: a424
2022-11-06 14:47:13,747:INFO:pycaret_globals: {'_ml_usecase', 'imputation_classifier', 'experiment__', 'fold_shuffle_param', 'fold_generator', 'USI', 'prep_pipe', 'seed', 'stratify_param', 'fold_param', 'fold_groups_param', 'create_model_container', '_available_plots', 'transform_target_param', '_gpu_n_jobs_param', '_all_metrics', 'imputation_regressor', 'n_jobs_param', 'logging_param', 'fold_groups_param_full', 'X_test', 'master_model_container', 'data_before_preprocess', 'transform_target_method_param', '_internal_pipeline', 'iterative_imputation_iters_param', 'y_train', 'y_test', 'y', 'X_train', 'X', 'fix_imbalance_method_param', 'gpu_param', 'log_plots_param', '_all_models', 'pycaret_globals', 'dashboard_logger', 'display_container', '_all_models_internal', 'target_param', 'html_param', 'fix_imbalance_param', 'exp_name_log'}
2022-11-06 14:47:13,762:INFO:Preparing display monitor
2022-11-06 14:47:13,786:INFO:Preparing display monitor
2022-11-06 14:47:13,968:INFO:Importing libraries
2022-11-06 14:47:13,994:INFO:Copying data for preprocessing
2022-11-06 14:47:14,065:INFO:Declaring preprocessing parameters
2022-11-06 14:47:14,107:INFO:Creating preprocessing pipeline
2022-11-06 14:47:14,183:INFO:Preprocessing pipeline created successfully
2022-11-06 14:47:14,190:ERROR:(Process Exit): setup has been interupted with user command 'quit'. setup must rerun.
2022-11-06 14:47:14,193:INFO:Creating global containers
2022-11-06 14:47:14,203:INFO:Internal pipeline: Pipeline(memory=None, steps=[('empty_step', 'passthrough')], verbose=False)
2022-11-06 14:47:18,296:WARNING:Wrong xgboost version. Expected xgboost>=1.1.0, got xgboost==0.90
2022-11-06 14:47:18,300:WARNING:Couldn't import catboost.CatBoostRegressor
2022-11-06 14:47:18,444:WARNING:Wrong xgboost version. Expected xgboost>=1.1.0, got xgboost==0.90
2022-11-06 14:47:18,447:WARNING:Couldn't import catboost.CatBoostRegressor
2022-11-06 14:47:18,454:INFO:Creating grid variables
2022-11-06 14:47:18,485:INFO:create_model_container: 0
2022-11-06 14:47:18,490:INFO:master_model_container: 0
2022-11-06 14:47:18,496:INFO:display_container: 1
2022-11-06 14:47:18,507:INFO:Pipeline(memory=None,
         steps=[('dtypes',
                 DataTypes_Auto_infer(categorical_features=[],
                                      display_types=True, features_todrop=[],
                                      id_columns=[], ml_usecase='regression',
                                      numerical_features=[], target='price',
                                      time_features=[])),
                ('imputer',
                 Simple_Imputer(categorical_strategy='not_available',
                                fill_value_categorical=None,
                                fill_value_numerical=None,
                                numeric_strategy='...
                ('scaling', 'passthrough'), ('P_transform', 'passthrough'),
                ('binn', 'passthrough'), ('rem_outliers', 'passthrough'),
                ('cluster_all', 'passthrough'),
                ('dummy', Dummify(target='price')),
                ('fix_perfect', Remove_100(target='price')),
                ('clean_names', Clean_Colum_Names()),
                ('feature_select', 'passthrough'), ('fix_multi', 'passthrough'),
                ('dfs', 'passthrough'), ('pca', 'passthrough')],
         verbose=False)
2022-11-06 14:47:18,509:INFO:setup() succesfully completed......................................
2022-11-06 14:47:44,015:INFO:Initializing compare_models()
2022-11-06 14:47:44,020:INFO:compare_models(include=None, fold=None, round=4, cross_validation=True, sort=R2, n_select=1, budget_time=None, turbo=True, errors=ignore, fit_kwargs=None, groups=None, experiment_custom_tags=None, probability_threshold=None, verbose=True, display=None, exclude=None)
2022-11-06 14:47:44,023:INFO:Checking exceptions
2022-11-06 14:47:44,025:INFO:Preparing display monitor
2022-11-06 14:47:44,028:INFO:Preparing display monitor
2022-11-06 14:47:44,101:INFO:Initializing Linear Regression
2022-11-06 14:47:44,105:INFO:Total runtime is 5.853573481241862e-05 minutes
2022-11-06 14:47:44,133:INFO:SubProcess create_model() called ==================================
2022-11-06 14:47:44,137:INFO:Initializing create_model()
2022-11-06 14:47:44,141:INFO:create_model(estimator=lr, fold=KFold(n_splits=10, random_state=123, shuffle=True), round=4, cross_validation=True, predict=True, fit_kwargs={}, groups=None, refit=False, verbose=False, system=False, metrics=None, experiment_custom_tags=None, add_to_model_list=True, probability_threshold=None, display=<pycaret.internal.Display.Display object at 0x7f74591d7790>, return_train_score=False, kwargs={})
2022-11-06 14:47:44,145:INFO:Checking exceptions
2022-11-06 14:47:44,146:INFO:Importing libraries
2022-11-06 14:47:44,148:INFO:Copying training dataset
2022-11-06 14:47:44,151:INFO:Defining folds
2022-11-06 14:47:44,154:INFO:Declaring metric variables
2022-11-06 14:47:44,190:INFO:Importing untrained model
2022-11-06 14:47:44,216:INFO:Linear Regression Imported succesfully
2022-11-06 14:47:44,265:INFO:Starting cross validation
2022-11-06 14:47:44,274:INFO:Cross validating with KFold(n_splits=10, random_state=123, shuffle=True), n_jobs=-1
2022-11-06 14:47:47,889:INFO:Calculating mean and std
2022-11-06 14:47:47,892:INFO:Creating metrics dataframe
2022-11-06 14:47:47,911:INFO:Uploading results into container
2022-11-06 14:47:47,914:INFO:Uploading model into container now
2022-11-06 14:47:47,918:INFO:create_model_container: 1
2022-11-06 14:47:47,920:INFO:master_model_container: 1
2022-11-06 14:47:47,922:INFO:display_container: 2
2022-11-06 14:47:47,924:INFO:LinearRegression(copy_X=True, fit_intercept=True, n_jobs=-1, normalize=False)
2022-11-06 14:47:47,925:INFO:create_model() succesfully completed......................................
2022-11-06 14:47:48,111:INFO:SubProcess create_model() end ==================================
2022-11-06 14:47:48,115:INFO:Creating metrics dataframe
2022-11-06 14:47:48,150:INFO:Initializing Lasso Regression
2022-11-06 14:47:48,155:INFO:Total runtime is 0.06755133867263793 minutes
2022-11-06 14:47:48,182:INFO:SubProcess create_model() called ==================================
2022-11-06 14:47:48,186:INFO:Initializing create_model()
2022-11-06 14:47:48,189:INFO:create_model(estimator=lasso, fold=KFold(n_splits=10, random_state=123, shuffle=True), round=4, cross_validation=True, predict=True, fit_kwargs={}, groups=None, refit=False, verbose=False, system=False, metrics=None, experiment_custom_tags=None, add_to_model_list=True, probability_threshold=None, display=<pycaret.internal.Display.Display object at 0x7f74591d7790>, return_train_score=False, kwargs={})
2022-11-06 14:47:48,191:INFO:Checking exceptions
2022-11-06 14:47:48,194:INFO:Importing libraries
2022-11-06 14:47:48,196:INFO:Copying training dataset
2022-11-06 14:47:48,200:INFO:Defining folds
2022-11-06 14:47:48,202:INFO:Declaring metric variables
2022-11-06 14:47:48,236:INFO:Importing untrained model
2022-11-06 14:47:48,264:INFO:Lasso Regression Imported succesfully
2022-11-06 14:47:48,312:INFO:Starting cross validation
2022-11-06 14:47:48,317:INFO:Cross validating with KFold(n_splits=10, random_state=123, shuffle=True), n_jobs=-1
2022-11-06 14:47:48,756:INFO:Calculating mean and std
2022-11-06 14:47:48,761:INFO:Creating metrics dataframe
2022-11-06 14:47:48,778:INFO:Uploading results into container
2022-11-06 14:47:48,782:INFO:Uploading model into container now
2022-11-06 14:47:48,795:INFO:create_model_container: 2
2022-11-06 14:47:48,797:INFO:master_model_container: 2
2022-11-06 14:47:48,799:INFO:display_container: 2
2022-11-06 14:47:48,801:INFO:Lasso(alpha=1.0, copy_X=True, fit_intercept=True, max_iter=1000,
      normalize=False, positive=False, precompute=False, random_state=123,
      selection='cyclic', tol=0.0001, warm_start=False)
2022-11-06 14:47:48,802:INFO:create_model() succesfully completed......................................
2022-11-06 14:47:48,977:INFO:SubProcess create_model() end ==================================
2022-11-06 14:47:48,989:INFO:Creating metrics dataframe
2022-11-06 14:47:49,018:INFO:Initializing Ridge Regression
2022-11-06 14:47:49,026:INFO:Total runtime is 0.08207240104675292 minutes
2022-11-06 14:47:49,049:INFO:SubProcess create_model() called ==================================
2022-11-06 14:47:49,053:INFO:Initializing create_model()
2022-11-06 14:47:49,056:INFO:create_model(estimator=ridge, fold=KFold(n_splits=10, random_state=123, shuffle=True), round=4, cross_validation=True, predict=True, fit_kwargs={}, groups=None, refit=False, verbose=False, system=False, metrics=None, experiment_custom_tags=None, add_to_model_list=True, probability_threshold=None, display=<pycaret.internal.Display.Display object at 0x7f74591d7790>, return_train_score=False, kwargs={})
2022-11-06 14:47:49,059:INFO:Checking exceptions
2022-11-06 14:47:49,060:INFO:Importing libraries
2022-11-06 14:47:49,062:INFO:Copying training dataset
2022-11-06 14:47:49,065:INFO:Defining folds
2022-11-06 14:47:49,066:INFO:Declaring metric variables
2022-11-06 14:47:49,098:INFO:Importing untrained model
2022-11-06 14:47:49,124:INFO:Ridge Regression Imported succesfully
2022-11-06 14:47:49,173:INFO:Starting cross validation
2022-11-06 14:47:49,177:INFO:Cross validating with KFold(n_splits=10, random_state=123, shuffle=True), n_jobs=-1
2022-11-06 14:47:49,370:INFO:Calculating mean and std
2022-11-06 14:47:49,375:INFO:Creating metrics dataframe
2022-11-06 14:47:49,392:INFO:Uploading results into container
2022-11-06 14:47:49,395:INFO:Uploading model into container now
2022-11-06 14:47:49,398:INFO:create_model_container: 3
2022-11-06 14:47:49,407:INFO:master_model_container: 3
2022-11-06 14:47:49,409:INFO:display_container: 2
2022-11-06 14:47:49,411:INFO:Ridge(alpha=1.0, copy_X=True, fit_intercept=True, max_iter=None,
      normalize=False, random_state=123, solver='auto', tol=0.001)
2022-11-06 14:47:49,414:INFO:create_model() succesfully completed......................................
2022-11-06 14:47:49,592:INFO:SubProcess create_model() end ==================================
2022-11-06 14:47:49,594:INFO:Creating metrics dataframe
2022-11-06 14:47:49,626:INFO:Initializing Elastic Net
2022-11-06 14:47:49,629:INFO:Total runtime is 0.0921302835146586 minutes
2022-11-06 14:47:49,659:INFO:SubProcess create_model() called ==================================
2022-11-06 14:47:49,663:INFO:Initializing create_model()
2022-11-06 14:47:49,666:INFO:create_model(estimator=en, fold=KFold(n_splits=10, random_state=123, shuffle=True), round=4, cross_validation=True, predict=True, fit_kwargs={}, groups=None, refit=False, verbose=False, system=False, metrics=None, experiment_custom_tags=None, add_to_model_list=True, probability_threshold=None, display=<pycaret.internal.Display.Display object at 0x7f74591d7790>, return_train_score=False, kwargs={})
2022-11-06 14:47:49,668:INFO:Checking exceptions
2022-11-06 14:47:49,671:INFO:Importing libraries
2022-11-06 14:47:49,672:INFO:Copying training dataset
2022-11-06 14:47:49,677:INFO:Defining folds
2022-11-06 14:47:49,679:INFO:Declaring metric variables
2022-11-06 14:47:49,722:INFO:Importing untrained model
2022-11-06 14:47:49,748:INFO:Elastic Net Imported succesfully
2022-11-06 14:47:49,798:INFO:Starting cross validation
2022-11-06 14:47:49,804:INFO:Cross validating with KFold(n_splits=10, random_state=123, shuffle=True), n_jobs=-1
2022-11-06 14:47:50,279:INFO:Calculating mean and std
2022-11-06 14:47:50,284:INFO:Creating metrics dataframe
2022-11-06 14:47:50,300:INFO:Uploading results into container
2022-11-06 14:47:50,303:INFO:Uploading model into container now
2022-11-06 14:47:50,309:INFO:create_model_container: 4
2022-11-06 14:47:50,312:INFO:master_model_container: 4
2022-11-06 14:47:50,316:INFO:display_container: 2
2022-11-06 14:47:50,319:INFO:ElasticNet(alpha=1.0, copy_X=True, fit_intercept=True, l1_ratio=0.5,
           max_iter=1000, normalize=False, positive=False, precompute=False,
           random_state=123, selection='cyclic', tol=0.0001, warm_start=False)
2022-11-06 14:47:50,322:INFO:create_model() succesfully completed......................................
2022-11-06 14:47:50,467:INFO:SubProcess create_model() end ==================================
2022-11-06 14:47:50,469:INFO:Creating metrics dataframe
2022-11-06 14:47:50,496:INFO:Initializing Least Angle Regression
2022-11-06 14:47:50,498:INFO:Total runtime is 0.10660507281621297 minutes
2022-11-06 14:47:50,528:INFO:SubProcess create_model() called ==================================
2022-11-06 14:47:50,532:INFO:Initializing create_model()
2022-11-06 14:47:50,534:INFO:create_model(estimator=lar, fold=KFold(n_splits=10, random_state=123, shuffle=True), round=4, cross_validation=True, predict=True, fit_kwargs={}, groups=None, refit=False, verbose=False, system=False, metrics=None, experiment_custom_tags=None, add_to_model_list=True, probability_threshold=None, display=<pycaret.internal.Display.Display object at 0x7f74591d7790>, return_train_score=False, kwargs={})
2022-11-06 14:47:50,535:INFO:Checking exceptions
2022-11-06 14:47:50,537:INFO:Importing libraries
2022-11-06 14:47:50,538:INFO:Copying training dataset
2022-11-06 14:47:50,542:INFO:Defining folds
2022-11-06 14:47:50,544:INFO:Declaring metric variables
2022-11-06 14:47:50,575:INFO:Importing untrained model
2022-11-06 14:47:50,608:INFO:Least Angle Regression Imported succesfully
2022-11-06 14:47:50,655:INFO:Starting cross validation
2022-11-06 14:47:50,660:INFO:Cross validating with KFold(n_splits=10, random_state=123, shuffle=True), n_jobs=-1
2022-11-06 14:47:50,823:INFO:Calculating mean and std
2022-11-06 14:47:50,831:INFO:Creating metrics dataframe
2022-11-06 14:47:50,845:INFO:Uploading results into container
2022-11-06 14:47:50,852:INFO:Uploading model into container now
2022-11-06 14:47:50,857:INFO:create_model_container: 5
2022-11-06 14:47:50,859:INFO:master_model_container: 5
2022-11-06 14:47:50,861:INFO:display_container: 2
2022-11-06 14:47:50,864:INFO:Lars(copy_X=True, eps=2.220446049250313e-16, fit_intercept=True, fit_path=True,
     jitter=None, n_nonzero_coefs=500, normalize=True, precompute='auto',
     random_state=123, verbose=False)
2022-11-06 14:47:50,868:INFO:create_model() succesfully completed......................................
2022-11-06 14:47:50,994:INFO:SubProcess create_model() end ==================================
2022-11-06 14:47:51,002:INFO:Creating metrics dataframe
2022-11-06 14:47:51,031:INFO:Initializing Lasso Least Angle Regression
2022-11-06 14:47:51,035:INFO:Total runtime is 0.11556018988291422 minutes
2022-11-06 14:47:51,065:INFO:SubProcess create_model() called ==================================
2022-11-06 14:47:51,068:INFO:Initializing create_model()
2022-11-06 14:47:51,071:INFO:create_model(estimator=llar, fold=KFold(n_splits=10, random_state=123, shuffle=True), round=4, cross_validation=True, predict=True, fit_kwargs={}, groups=None, refit=False, verbose=False, system=False, metrics=None, experiment_custom_tags=None, add_to_model_list=True, probability_threshold=None, display=<pycaret.internal.Display.Display object at 0x7f74591d7790>, return_train_score=False, kwargs={})
2022-11-06 14:47:51,072:INFO:Checking exceptions
2022-11-06 14:47:51,074:INFO:Importing libraries
2022-11-06 14:47:51,076:INFO:Copying training dataset
2022-11-06 14:47:51,082:INFO:Defining folds
2022-11-06 14:47:51,084:INFO:Declaring metric variables
2022-11-06 14:47:51,114:INFO:Importing untrained model
2022-11-06 14:47:51,145:INFO:Lasso Least Angle Regression Imported succesfully
2022-11-06 14:47:51,191:INFO:Starting cross validation
2022-11-06 14:47:51,196:INFO:Cross validating with KFold(n_splits=10, random_state=123, shuffle=True), n_jobs=-1
2022-11-06 14:47:51,390:INFO:Calculating mean and std
2022-11-06 14:47:51,396:INFO:Creating metrics dataframe
2022-11-06 14:47:51,410:INFO:Uploading results into container
2022-11-06 14:47:51,416:INFO:Uploading model into container now
2022-11-06 14:47:51,421:INFO:create_model_container: 6
2022-11-06 14:47:51,422:INFO:master_model_container: 6
2022-11-06 14:47:51,423:INFO:display_container: 2
2022-11-06 14:47:51,427:INFO:LassoLars(alpha=1.0, copy_X=True, eps=2.220446049250313e-16, fit_intercept=True,
          fit_path=True, jitter=None, max_iter=500, normalize=True,
          positive=False, precompute='auto', random_state=123, verbose=False)
2022-11-06 14:47:51,431:INFO:create_model() succesfully completed......................................
2022-11-06 14:47:51,568:INFO:SubProcess create_model() end ==================================
2022-11-06 14:47:51,570:INFO:Creating metrics dataframe
2022-11-06 14:47:51,597:INFO:Initializing Orthogonal Matching Pursuit
2022-11-06 14:47:51,604:INFO:Total runtime is 0.1250388741493225 minutes
2022-11-06 14:47:51,633:INFO:SubProcess create_model() called ==================================
2022-11-06 14:47:51,641:INFO:Initializing create_model()
2022-11-06 14:47:51,643:INFO:create_model(estimator=omp, fold=KFold(n_splits=10, random_state=123, shuffle=True), round=4, cross_validation=True, predict=True, fit_kwargs={}, groups=None, refit=False, verbose=False, system=False, metrics=None, experiment_custom_tags=None, add_to_model_list=True, probability_threshold=None, display=<pycaret.internal.Display.Display object at 0x7f74591d7790>, return_train_score=False, kwargs={})
2022-11-06 14:47:51,648:INFO:Checking exceptions
2022-11-06 14:47:51,649:INFO:Importing libraries
2022-11-06 14:47:51,651:INFO:Copying training dataset
2022-11-06 14:47:51,657:INFO:Defining folds
2022-11-06 14:47:51,662:INFO:Declaring metric variables
2022-11-06 14:47:51,692:INFO:Importing untrained model
2022-11-06 14:47:51,718:INFO:Orthogonal Matching Pursuit Imported succesfully
2022-11-06 14:47:51,766:INFO:Starting cross validation
2022-11-06 14:47:51,773:INFO:Cross validating with KFold(n_splits=10, random_state=123, shuffle=True), n_jobs=-1
2022-11-06 14:47:51,929:INFO:Calculating mean and std
2022-11-06 14:47:51,934:INFO:Creating metrics dataframe
2022-11-06 14:47:51,948:INFO:Uploading results into container
2022-11-06 14:47:51,953:INFO:Uploading model into container now
2022-11-06 14:47:51,957:INFO:create_model_container: 7
2022-11-06 14:47:51,961:INFO:master_model_container: 7
2022-11-06 14:47:51,964:INFO:display_container: 2
2022-11-06 14:47:51,966:INFO:OrthogonalMatchingPursuit(fit_intercept=True, n_nonzero_coefs=None,
                          normalize=True, precompute='auto', tol=None)
2022-11-06 14:47:51,967:INFO:create_model() succesfully completed......................................
2022-11-06 14:47:52,104:INFO:SubProcess create_model() end ==================================
2022-11-06 14:47:52,114:INFO:Creating metrics dataframe
2022-11-06 14:47:52,143:INFO:Initializing Bayesian Ridge
2022-11-06 14:47:52,146:INFO:Total runtime is 0.13408307234446207 minutes
2022-11-06 14:47:52,177:INFO:SubProcess create_model() called ==================================
2022-11-06 14:47:52,181:INFO:Initializing create_model()
2022-11-06 14:47:52,185:INFO:create_model(estimator=br, fold=KFold(n_splits=10, random_state=123, shuffle=True), round=4, cross_validation=True, predict=True, fit_kwargs={}, groups=None, refit=False, verbose=False, system=False, metrics=None, experiment_custom_tags=None, add_to_model_list=True, probability_threshold=None, display=<pycaret.internal.Display.Display object at 0x7f74591d7790>, return_train_score=False, kwargs={})
2022-11-06 14:47:52,187:INFO:Checking exceptions
2022-11-06 14:47:52,189:INFO:Importing libraries
2022-11-06 14:47:52,194:INFO:Copying training dataset
2022-11-06 14:47:52,197:INFO:Defining folds
2022-11-06 14:47:52,201:INFO:Declaring metric variables
2022-11-06 14:47:52,233:INFO:Importing untrained model
2022-11-06 14:47:52,258:INFO:Bayesian Ridge Imported succesfully
2022-11-06 14:47:52,298:INFO:Starting cross validation
2022-11-06 14:47:52,302:INFO:Cross validating with KFold(n_splits=10, random_state=123, shuffle=True), n_jobs=-1
2022-11-06 14:47:52,517:INFO:Calculating mean and std
2022-11-06 14:47:52,524:INFO:Creating metrics dataframe
2022-11-06 14:47:52,540:INFO:Uploading results into container
2022-11-06 14:47:52,544:INFO:Uploading model into container now
2022-11-06 14:47:52,549:INFO:create_model_container: 8
2022-11-06 14:47:52,551:INFO:master_model_container: 8
2022-11-06 14:47:52,553:INFO:display_container: 2
2022-11-06 14:47:52,555:INFO:BayesianRidge(alpha_1=1e-06, alpha_2=1e-06, alpha_init=None,
              compute_score=False, copy_X=True, fit_intercept=True,
              lambda_1=1e-06, lambda_2=1e-06, lambda_init=None, n_iter=300,
              normalize=False, tol=0.001, verbose=False)
2022-11-06 14:47:52,557:INFO:create_model() succesfully completed......................................
2022-11-06 14:47:52,736:INFO:SubProcess create_model() end ==================================
2022-11-06 14:47:52,739:INFO:Creating metrics dataframe
2022-11-06 14:47:52,776:INFO:Initializing Passive Aggressive Regressor
2022-11-06 14:47:52,781:INFO:Total runtime is 0.14466702143351237 minutes
2022-11-06 14:47:52,816:INFO:SubProcess create_model() called ==================================
2022-11-06 14:47:52,820:INFO:Initializing create_model()
2022-11-06 14:47:52,823:INFO:create_model(estimator=par, fold=KFold(n_splits=10, random_state=123, shuffle=True), round=4, cross_validation=True, predict=True, fit_kwargs={}, groups=None, refit=False, verbose=False, system=False, metrics=None, experiment_custom_tags=None, add_to_model_list=True, probability_threshold=None, display=<pycaret.internal.Display.Display object at 0x7f74591d7790>, return_train_score=False, kwargs={})
2022-11-06 14:47:52,826:INFO:Checking exceptions
2022-11-06 14:47:52,827:INFO:Importing libraries
2022-11-06 14:47:52,828:INFO:Copying training dataset
2022-11-06 14:47:52,832:INFO:Defining folds
2022-11-06 14:47:52,833:INFO:Declaring metric variables
2022-11-06 14:47:52,860:INFO:Importing untrained model
2022-11-06 14:47:52,885:INFO:Passive Aggressive Regressor Imported succesfully
2022-11-06 14:47:52,932:INFO:Starting cross validation
2022-11-06 14:47:52,937:INFO:Cross validating with KFold(n_splits=10, random_state=123, shuffle=True), n_jobs=-1
2022-11-06 14:47:53,457:INFO:Calculating mean and std
2022-11-06 14:47:53,460:INFO:Creating metrics dataframe
2022-11-06 14:47:53,480:INFO:Uploading results into container
2022-11-06 14:47:53,485:INFO:Uploading model into container now
2022-11-06 14:47:53,488:INFO:create_model_container: 9
2022-11-06 14:47:53,490:INFO:master_model_container: 9
2022-11-06 14:47:53,492:INFO:display_container: 2
2022-11-06 14:47:53,495:INFO:PassiveAggressiveRegressor(C=1.0, average=False, early_stopping=False,
                           epsilon=0.1, fit_intercept=True,
                           loss='epsilon_insensitive', max_iter=1000,
                           n_iter_no_change=5, random_state=123, shuffle=True,
                           tol=0.001, validation_fraction=0.1, verbose=0,
                           warm_start=False)
2022-11-06 14:47:53,497:INFO:create_model() succesfully completed......................................
2022-11-06 14:47:53,678:INFO:SubProcess create_model() end ==================================
2022-11-06 14:47:53,683:INFO:Creating metrics dataframe
2022-11-06 14:47:53,716:INFO:Initializing Huber Regressor
2022-11-06 14:47:53,721:INFO:Total runtime is 0.16031933228174847 minutes
2022-11-06 14:47:53,756:INFO:SubProcess create_model() called ==================================
2022-11-06 14:47:53,762:INFO:Initializing create_model()
2022-11-06 14:47:53,766:INFO:create_model(estimator=huber, fold=KFold(n_splits=10, random_state=123, shuffle=True), round=4, cross_validation=True, predict=True, fit_kwargs={}, groups=None, refit=False, verbose=False, system=False, metrics=None, experiment_custom_tags=None, add_to_model_list=True, probability_threshold=None, display=<pycaret.internal.Display.Display object at 0x7f74591d7790>, return_train_score=False, kwargs={})
2022-11-06 14:47:53,770:INFO:Checking exceptions
2022-11-06 14:47:53,775:INFO:Importing libraries
2022-11-06 14:47:53,778:INFO:Copying training dataset
2022-11-06 14:47:53,783:INFO:Defining folds
2022-11-06 14:47:53,786:INFO:Declaring metric variables
2022-11-06 14:47:53,819:INFO:Importing untrained model
2022-11-06 14:47:53,853:INFO:Huber Regressor Imported succesfully
2022-11-06 14:47:53,905:INFO:Starting cross validation
2022-11-06 14:47:53,910:INFO:Cross validating with KFold(n_splits=10, random_state=123, shuffle=True), n_jobs=-1
2022-11-06 14:47:55,326:INFO:Calculating mean and std
2022-11-06 14:47:55,331:INFO:Creating metrics dataframe
2022-11-06 14:47:55,347:INFO:Uploading results into container
2022-11-06 14:47:55,353:INFO:Uploading model into container now
2022-11-06 14:47:55,356:INFO:create_model_container: 10
2022-11-06 14:47:55,358:INFO:master_model_container: 10
2022-11-06 14:47:55,360:INFO:display_container: 2
2022-11-06 14:47:55,362:INFO:HuberRegressor(alpha=0.0001, epsilon=1.35, fit_intercept=True, max_iter=100,
               tol=1e-05, warm_start=False)
2022-11-06 14:47:55,364:INFO:create_model() succesfully completed......................................
2022-11-06 14:47:55,548:INFO:SubProcess create_model() end ==================================
2022-11-06 14:47:55,563:INFO:Creating metrics dataframe
2022-11-06 14:47:55,598:INFO:Initializing K Neighbors Regressor
2022-11-06 14:47:55,604:INFO:Total runtime is 0.1917097608248393 minutes
2022-11-06 14:47:55,637:INFO:SubProcess create_model() called ==================================
2022-11-06 14:47:55,647:INFO:Initializing create_model()
2022-11-06 14:47:55,650:INFO:create_model(estimator=knn, fold=KFold(n_splits=10, random_state=123, shuffle=True), round=4, cross_validation=True, predict=True, fit_kwargs={}, groups=None, refit=False, verbose=False, system=False, metrics=None, experiment_custom_tags=None, add_to_model_list=True, probability_threshold=None, display=<pycaret.internal.Display.Display object at 0x7f74591d7790>, return_train_score=False, kwargs={})
2022-11-06 14:47:55,652:INFO:Checking exceptions
2022-11-06 14:47:55,657:INFO:Importing libraries
2022-11-06 14:47:55,659:INFO:Copying training dataset
2022-11-06 14:47:55,665:INFO:Defining folds
2022-11-06 14:47:55,668:INFO:Declaring metric variables
2022-11-06 14:47:55,699:INFO:Importing untrained model
2022-11-06 14:47:55,722:INFO:K Neighbors Regressor Imported succesfully
2022-11-06 14:47:55,766:INFO:Starting cross validation
2022-11-06 14:47:55,771:INFO:Cross validating with KFold(n_splits=10, random_state=123, shuffle=True), n_jobs=-1
2022-11-06 14:47:56,499:INFO:Calculating mean and std
2022-11-06 14:47:56,505:INFO:Creating metrics dataframe
2022-11-06 14:47:56,524:INFO:Uploading results into container
2022-11-06 14:47:56,526:INFO:Uploading model into container now
2022-11-06 14:47:56,531:INFO:create_model_container: 11
2022-11-06 14:47:56,533:INFO:master_model_container: 11
2022-11-06 14:47:56,535:INFO:display_container: 2
2022-11-06 14:47:56,537:INFO:KNeighborsRegressor(algorithm='auto', leaf_size=30, metric='minkowski',
                    metric_params=None, n_jobs=-1, n_neighbors=5, p=2,
                    weights='uniform')
2022-11-06 14:47:56,540:INFO:create_model() succesfully completed......................................
2022-11-06 14:47:56,718:INFO:SubProcess create_model() end ==================================
2022-11-06 14:47:56,728:INFO:Creating metrics dataframe
2022-11-06 14:47:56,756:INFO:Initializing Decision Tree Regressor
2022-11-06 14:47:56,762:INFO:Total runtime is 0.21101125876108806 minutes
2022-11-06 14:47:56,799:INFO:SubProcess create_model() called ==================================
2022-11-06 14:47:56,805:INFO:Initializing create_model()
2022-11-06 14:47:56,807:INFO:create_model(estimator=dt, fold=KFold(n_splits=10, random_state=123, shuffle=True), round=4, cross_validation=True, predict=True, fit_kwargs={}, groups=None, refit=False, verbose=False, system=False, metrics=None, experiment_custom_tags=None, add_to_model_list=True, probability_threshold=None, display=<pycaret.internal.Display.Display object at 0x7f74591d7790>, return_train_score=False, kwargs={})
2022-11-06 14:47:56,809:INFO:Checking exceptions
2022-11-06 14:47:56,811:INFO:Importing libraries
2022-11-06 14:47:56,812:INFO:Copying training dataset
2022-11-06 14:47:56,816:INFO:Defining folds
2022-11-06 14:47:56,818:INFO:Declaring metric variables
2022-11-06 14:47:56,847:INFO:Importing untrained model
2022-11-06 14:47:56,876:INFO:Decision Tree Regressor Imported succesfully
2022-11-06 14:47:56,918:INFO:Starting cross validation
2022-11-06 14:47:56,923:INFO:Cross validating with KFold(n_splits=10, random_state=123, shuffle=True), n_jobs=-1
2022-11-06 14:47:57,877:INFO:Calculating mean and std
2022-11-06 14:47:57,882:INFO:Creating metrics dataframe
2022-11-06 14:47:57,899:INFO:Uploading results into container
2022-11-06 14:47:57,904:INFO:Uploading model into container now
2022-11-06 14:47:57,906:INFO:create_model_container: 12
2022-11-06 14:47:57,908:INFO:master_model_container: 12
2022-11-06 14:47:57,910:INFO:display_container: 2
2022-11-06 14:47:57,912:INFO:DecisionTreeRegressor(ccp_alpha=0.0, criterion='mse', max_depth=None,
                      max_features=None, max_leaf_nodes=None,
                      min_impurity_decrease=0.0, min_impurity_split=None,
                      min_samples_leaf=1, min_samples_split=2,
                      min_weight_fraction_leaf=0.0, presort='deprecated',
                      random_state=123, splitter='best')
2022-11-06 14:47:57,913:INFO:create_model() succesfully completed......................................
2022-11-06 14:47:58,094:INFO:SubProcess create_model() end ==================================
2022-11-06 14:47:58,105:INFO:Creating metrics dataframe
2022-11-06 14:47:58,141:INFO:Initializing Random Forest Regressor
2022-11-06 14:47:58,155:INFO:Total runtime is 0.23422791163126627 minutes
2022-11-06 14:47:58,181:INFO:SubProcess create_model() called ==================================
2022-11-06 14:47:58,184:INFO:Initializing create_model()
2022-11-06 14:47:58,187:INFO:create_model(estimator=rf, fold=KFold(n_splits=10, random_state=123, shuffle=True), round=4, cross_validation=True, predict=True, fit_kwargs={}, groups=None, refit=False, verbose=False, system=False, metrics=None, experiment_custom_tags=None, add_to_model_list=True, probability_threshold=None, display=<pycaret.internal.Display.Display object at 0x7f74591d7790>, return_train_score=False, kwargs={})
2022-11-06 14:47:58,188:INFO:Checking exceptions
2022-11-06 14:47:58,190:INFO:Importing libraries
2022-11-06 14:47:58,193:INFO:Copying training dataset
2022-11-06 14:47:58,196:INFO:Defining folds
2022-11-06 14:47:58,199:INFO:Declaring metric variables
2022-11-06 14:47:58,235:INFO:Importing untrained model
2022-11-06 14:47:58,267:INFO:Random Forest Regressor Imported succesfully
2022-11-06 14:47:58,312:INFO:Starting cross validation
2022-11-06 14:47:58,317:INFO:Cross validating with KFold(n_splits=10, random_state=123, shuffle=True), n_jobs=-1
2022-11-06 14:48:50,892:INFO:Calculating mean and std
2022-11-06 14:48:50,897:INFO:Creating metrics dataframe
2022-11-06 14:48:50,920:INFO:Uploading results into container
2022-11-06 14:48:50,929:INFO:Uploading model into container now
2022-11-06 14:48:50,933:INFO:create_model_container: 13
2022-11-06 14:48:50,935:INFO:master_model_container: 13
2022-11-06 14:48:50,937:INFO:display_container: 2
2022-11-06 14:48:50,944:INFO:RandomForestRegressor(bootstrap=True, ccp_alpha=0.0, criterion='mse',
                      max_depth=None, max_features='auto', max_leaf_nodes=None,
                      max_samples=None, min_impurity_decrease=0.0,
                      min_impurity_split=None, min_samples_leaf=1,
                      min_samples_split=2, min_weight_fraction_leaf=0.0,
                      n_estimators=100, n_jobs=-1, oob_score=False,
                      random_state=123, verbose=0, warm_start=False)
2022-11-06 14:48:50,946:INFO:create_model() succesfully completed......................................
2022-11-06 14:48:51,109:INFO:SubProcess create_model() end ==================================
2022-11-06 14:48:51,112:INFO:Creating metrics dataframe
2022-11-06 14:48:51,140:INFO:Initializing Extra Trees Regressor
2022-11-06 14:48:51,141:INFO:Total runtime is 1.1173325816790263 minutes
2022-11-06 14:48:51,171:INFO:SubProcess create_model() called ==================================
2022-11-06 14:48:51,175:INFO:Initializing create_model()
2022-11-06 14:48:51,176:INFO:create_model(estimator=et, fold=KFold(n_splits=10, random_state=123, shuffle=True), round=4, cross_validation=True, predict=True, fit_kwargs={}, groups=None, refit=False, verbose=False, system=False, metrics=None, experiment_custom_tags=None, add_to_model_list=True, probability_threshold=None, display=<pycaret.internal.Display.Display object at 0x7f74591d7790>, return_train_score=False, kwargs={})
2022-11-06 14:48:51,178:INFO:Checking exceptions
2022-11-06 14:48:51,179:INFO:Importing libraries
2022-11-06 14:48:51,181:INFO:Copying training dataset
2022-11-06 14:48:51,184:INFO:Defining folds
2022-11-06 14:48:51,185:INFO:Declaring metric variables
2022-11-06 14:48:51,210:INFO:Importing untrained model
2022-11-06 14:48:51,235:INFO:Extra Trees Regressor Imported succesfully
2022-11-06 14:48:51,279:INFO:Starting cross validation
2022-11-06 14:48:51,284:INFO:Cross validating with KFold(n_splits=10, random_state=123, shuffle=True), n_jobs=-1
2022-11-06 14:49:14,068:INFO:Calculating mean and std
2022-11-06 14:49:14,079:INFO:Creating metrics dataframe
2022-11-06 14:49:14,103:INFO:Uploading results into container
2022-11-06 14:49:14,110:INFO:Uploading model into container now
2022-11-06 14:49:14,116:INFO:create_model_container: 14
2022-11-06 14:49:14,122:INFO:master_model_container: 14
2022-11-06 14:49:14,124:INFO:display_container: 2
2022-11-06 14:49:14,126:INFO:ExtraTreesRegressor(bootstrap=False, ccp_alpha=0.0, criterion='mse',
                    max_depth=None, max_features='auto', max_leaf_nodes=None,
                    max_samples=None, min_impurity_decrease=0.0,
                    min_impurity_split=None, min_samples_leaf=1,
                    min_samples_split=2, min_weight_fraction_leaf=0.0,
                    n_estimators=100, n_jobs=-1, oob_score=False,
                    random_state=123, verbose=0, warm_start=False)
2022-11-06 14:49:14,130:INFO:create_model() succesfully completed......................................
2022-11-06 14:49:14,311:INFO:SubProcess create_model() end ==================================
2022-11-06 14:49:14,314:INFO:Creating metrics dataframe
2022-11-06 14:49:14,353:INFO:Initializing AdaBoost Regressor
2022-11-06 14:49:14,360:INFO:Total runtime is 1.5043011466662088 minutes
2022-11-06 14:49:14,384:INFO:SubProcess create_model() called ==================================
2022-11-06 14:49:14,392:INFO:Initializing create_model()
2022-11-06 14:49:14,397:INFO:create_model(estimator=ada, fold=KFold(n_splits=10, random_state=123, shuffle=True), round=4, cross_validation=True, predict=True, fit_kwargs={}, groups=None, refit=False, verbose=False, system=False, metrics=None, experiment_custom_tags=None, add_to_model_list=True, probability_threshold=None, display=<pycaret.internal.Display.Display object at 0x7f74591d7790>, return_train_score=False, kwargs={})
2022-11-06 14:49:14,399:INFO:Checking exceptions
2022-11-06 14:49:14,401:INFO:Importing libraries
2022-11-06 14:49:14,402:INFO:Copying training dataset
2022-11-06 14:49:14,406:INFO:Defining folds
2022-11-06 14:49:14,407:INFO:Declaring metric variables
2022-11-06 14:49:14,439:INFO:Importing untrained model
2022-11-06 14:49:14,464:INFO:AdaBoost Regressor Imported succesfully
2022-11-06 14:49:14,511:INFO:Starting cross validation
2022-11-06 14:49:14,515:INFO:Cross validating with KFold(n_splits=10, random_state=123, shuffle=True), n_jobs=-1
2022-11-06 14:49:19,013:INFO:Calculating mean and std
2022-11-06 14:49:19,024:INFO:Creating metrics dataframe
2022-11-06 14:49:19,043:INFO:Uploading results into container
2022-11-06 14:49:19,053:INFO:Uploading model into container now
2022-11-06 14:49:19,056:INFO:create_model_container: 15
2022-11-06 14:49:19,061:INFO:master_model_container: 15
2022-11-06 14:49:19,067:INFO:display_container: 2
2022-11-06 14:49:19,069:INFO:AdaBoostRegressor(base_estimator=None, learning_rate=1.0, loss='linear',
                  n_estimators=50, random_state=123)
2022-11-06 14:49:19,072:INFO:create_model() succesfully completed......................................
2022-11-06 14:49:19,253:INFO:SubProcess create_model() end ==================================
2022-11-06 14:49:19,256:INFO:Creating metrics dataframe
2022-11-06 14:49:19,307:INFO:Initializing Gradient Boosting Regressor
2022-11-06 14:49:19,310:INFO:Total runtime is 1.5868125081062316 minutes
2022-11-06 14:49:19,333:INFO:SubProcess create_model() called ==================================
2022-11-06 14:49:19,337:INFO:Initializing create_model()
2022-11-06 14:49:19,340:INFO:create_model(estimator=gbr, fold=KFold(n_splits=10, random_state=123, shuffle=True), round=4, cross_validation=True, predict=True, fit_kwargs={}, groups=None, refit=False, verbose=False, system=False, metrics=None, experiment_custom_tags=None, add_to_model_list=True, probability_threshold=None, display=<pycaret.internal.Display.Display object at 0x7f74591d7790>, return_train_score=False, kwargs={})
2022-11-06 14:49:19,343:INFO:Checking exceptions
2022-11-06 14:49:19,346:INFO:Importing libraries
2022-11-06 14:49:19,347:INFO:Copying training dataset
2022-11-06 14:49:19,350:INFO:Defining folds
2022-11-06 14:49:19,352:INFO:Declaring metric variables
2022-11-06 14:49:19,377:INFO:Importing untrained model
2022-11-06 14:49:19,400:INFO:Gradient Boosting Regressor Imported succesfully
2022-11-06 14:49:19,445:INFO:Starting cross validation
2022-11-06 14:49:19,450:INFO:Cross validating with KFold(n_splits=10, random_state=123, shuffle=True), n_jobs=-1
2022-11-06 14:49:34,611:INFO:Calculating mean and std
2022-11-06 14:49:34,614:INFO:Creating metrics dataframe
2022-11-06 14:49:34,646:INFO:Uploading results into container
2022-11-06 14:49:34,649:INFO:Uploading model into container now
2022-11-06 14:49:34,651:INFO:create_model_container: 16
2022-11-06 14:49:34,653:INFO:master_model_container: 16
2022-11-06 14:49:34,654:INFO:display_container: 2
2022-11-06 14:49:34,657:INFO:GradientBoostingRegressor(alpha=0.9, ccp_alpha=0.0, criterion='friedman_mse',
                          init=None, learning_rate=0.1, loss='ls', max_depth=3,
                          max_features=None, max_leaf_nodes=None,
                          min_impurity_decrease=0.0, min_impurity_split=None,
                          min_samples_leaf=1, min_samples_split=2,
                          min_weight_fraction_leaf=0.0, n_estimators=100,
                          n_iter_no_change=None, presort='deprecated',
                          random_state=123, subsample=1.0, tol=0.0001,
                          validation_fraction=0.1, verbose=0, warm_start=False)
2022-11-06 14:49:34,658:INFO:create_model() succesfully completed......................................
2022-11-06 14:49:34,814:INFO:SubProcess create_model() end ==================================
2022-11-06 14:49:34,827:INFO:Creating metrics dataframe
2022-11-06 14:49:34,873:INFO:Initializing Light Gradient Boosting Machine
2022-11-06 14:49:34,876:INFO:Total runtime is 1.8462421655654908 minutes
2022-11-06 14:49:34,905:INFO:SubProcess create_model() called ==================================
2022-11-06 14:49:34,909:INFO:Initializing create_model()
2022-11-06 14:49:34,912:INFO:create_model(estimator=lightgbm, fold=KFold(n_splits=10, random_state=123, shuffle=True), round=4, cross_validation=True, predict=True, fit_kwargs={}, groups=None, refit=False, verbose=False, system=False, metrics=None, experiment_custom_tags=None, add_to_model_list=True, probability_threshold=None, display=<pycaret.internal.Display.Display object at 0x7f74591d7790>, return_train_score=False, kwargs={})
2022-11-06 14:49:34,915:INFO:Checking exceptions
2022-11-06 14:49:34,916:INFO:Importing libraries
2022-11-06 14:49:34,918:INFO:Copying training dataset
2022-11-06 14:49:34,921:INFO:Defining folds
2022-11-06 14:49:34,923:INFO:Declaring metric variables
2022-11-06 14:49:34,950:INFO:Importing untrained model
2022-11-06 14:49:34,972:INFO:Light Gradient Boosting Machine Imported succesfully
2022-11-06 14:49:35,012:INFO:Starting cross validation
2022-11-06 14:49:35,016:INFO:Cross validating with KFold(n_splits=10, random_state=123, shuffle=True), n_jobs=-1
2022-11-06 14:49:37,317:INFO:Calculating mean and std
2022-11-06 14:49:37,320:INFO:Creating metrics dataframe
2022-11-06 14:49:37,338:INFO:Uploading results into container
2022-11-06 14:49:37,343:INFO:Uploading model into container now
2022-11-06 14:49:37,346:INFO:create_model_container: 17
2022-11-06 14:49:37,348:INFO:master_model_container: 17
2022-11-06 14:49:37,350:INFO:display_container: 2
2022-11-06 14:49:37,353:INFO:LGBMRegressor(boosting_type='gbdt', class_weight=None, colsample_bytree=1.0,
              importance_type='split', learning_rate=0.1, max_depth=-1,
              min_child_samples=20, min_child_weight=0.001, min_split_gain=0.0,
              n_estimators=100, n_jobs=-1, num_leaves=31, objective=None,
              random_state=123, reg_alpha=0.0, reg_lambda=0.0, silent='warn',
              subsample=1.0, subsample_for_bin=200000, subsample_freq=0)
2022-11-06 14:49:37,356:INFO:create_model() succesfully completed......................................
2022-11-06 14:49:37,485:INFO:SubProcess create_model() end ==================================
2022-11-06 14:49:37,496:INFO:Creating metrics dataframe
2022-11-06 14:49:37,529:INFO:Initializing Dummy Regressor
2022-11-06 14:49:37,540:INFO:Total runtime is 1.890637485186259 minutes
2022-11-06 14:49:37,570:INFO:SubProcess create_model() called ==================================
2022-11-06 14:49:37,573:INFO:Initializing create_model()
2022-11-06 14:49:37,575:INFO:create_model(estimator=dummy, fold=KFold(n_splits=10, random_state=123, shuffle=True), round=4, cross_validation=True, predict=True, fit_kwargs={}, groups=None, refit=False, verbose=False, system=False, metrics=None, experiment_custom_tags=None, add_to_model_list=True, probability_threshold=None, display=<pycaret.internal.Display.Display object at 0x7f74591d7790>, return_train_score=False, kwargs={})
2022-11-06 14:49:37,578:INFO:Checking exceptions
2022-11-06 14:49:37,582:INFO:Importing libraries
2022-11-06 14:49:37,585:INFO:Copying training dataset
2022-11-06 14:49:37,591:INFO:Defining folds
2022-11-06 14:49:37,593:INFO:Declaring metric variables
2022-11-06 14:49:37,627:INFO:Importing untrained model
2022-11-06 14:49:37,649:INFO:Dummy Regressor Imported succesfully
2022-11-06 14:49:37,692:INFO:Starting cross validation
2022-11-06 14:49:37,696:INFO:Cross validating with KFold(n_splits=10, random_state=123, shuffle=True), n_jobs=-1
2022-11-06 14:49:37,835:INFO:Calculating mean and std
2022-11-06 14:49:37,838:INFO:Creating metrics dataframe
2022-11-06 14:49:37,855:INFO:Uploading results into container
2022-11-06 14:49:37,863:INFO:Uploading model into container now
2022-11-06 14:49:37,866:INFO:create_model_container: 18
2022-11-06 14:49:37,868:INFO:master_model_container: 18
2022-11-06 14:49:37,870:INFO:display_container: 2
2022-11-06 14:49:37,875:INFO:DummyRegressor(constant=None, quantile=None, strategy='mean')
2022-11-06 14:49:37,877:INFO:create_model() succesfully completed......................................
2022-11-06 14:49:38,009:INFO:SubProcess create_model() end ==================================
2022-11-06 14:49:38,015:INFO:Creating metrics dataframe
2022-11-06 14:49:38,104:INFO:Initializing create_model()
2022-11-06 14:49:38,107:INFO:create_model(estimator=LGBMRegressor(boosting_type='gbdt', class_weight=None, colsample_bytree=1.0,
              importance_type='split', learning_rate=0.1, max_depth=-1,
              min_child_samples=20, min_child_weight=0.001, min_split_gain=0.0,
              n_estimators=100, n_jobs=-1, num_leaves=31, objective=None,
              random_state=123, reg_alpha=0.0, reg_lambda=0.0, silent='warn',
              subsample=1.0, subsample_for_bin=200000, subsample_freq=0), fold=KFold(n_splits=10, random_state=123, shuffle=True), round=4, cross_validation=False, predict=False, fit_kwargs={}, groups=None, refit=True, verbose=False, system=False, metrics=None, experiment_custom_tags=None, add_to_model_list=True, probability_threshold=None, display=None, return_train_score=False, kwargs={})
2022-11-06 14:49:38,110:INFO:Checking exceptions
2022-11-06 14:49:38,113:INFO:Importing libraries
2022-11-06 14:49:38,114:INFO:Copying training dataset
2022-11-06 14:49:38,117:INFO:Defining folds
2022-11-06 14:49:38,118:INFO:Declaring metric variables
2022-11-06 14:49:38,120:INFO:Importing untrained model
2022-11-06 14:49:38,121:INFO:Declaring custom model
2022-11-06 14:49:38,123:INFO:Light Gradient Boosting Machine Imported succesfully
2022-11-06 14:49:38,125:INFO:Cross validation set to False
2022-11-06 14:49:38,127:INFO:Fitting Model
2022-11-06 14:49:38,407:INFO:LGBMRegressor(boosting_type='gbdt', class_weight=None, colsample_bytree=1.0,
              importance_type='split', learning_rate=0.1, max_depth=-1,
              min_child_samples=20, min_child_weight=0.001, min_split_gain=0.0,
              n_estimators=100, n_jobs=-1, num_leaves=31, objective=None,
              random_state=123, reg_alpha=0.0, reg_lambda=0.0, silent='warn',
              subsample=1.0, subsample_for_bin=200000, subsample_freq=0)
2022-11-06 14:49:38,410:INFO:create_models() succesfully completed......................................
2022-11-06 14:49:38,588:INFO:create_model_container: 18
2022-11-06 14:49:38,591:INFO:master_model_container: 18
2022-11-06 14:49:38,593:INFO:display_container: 2
2022-11-06 14:49:38,596:INFO:LGBMRegressor(boosting_type='gbdt', class_weight=None, colsample_bytree=1.0,
              importance_type='split', learning_rate=0.1, max_depth=-1,
              min_child_samples=20, min_child_weight=0.001, min_split_gain=0.0,
              n_estimators=100, n_jobs=-1, num_leaves=31, objective=None,
              random_state=123, reg_alpha=0.0, reg_lambda=0.0, silent='warn',
              subsample=1.0, subsample_for_bin=200000, subsample_freq=0)
2022-11-06 14:49:38,597:INFO:compare_models() succesfully completed......................................
2022-11-06 14:53:56,467:INFO:Initializing evaluate_model()
2022-11-06 14:53:56,472:INFO:evaluate_model(estimator=LGBMRegressor(boosting_type='gbdt', class_weight=None, colsample_bytree=1.0,
              importance_type='split', learning_rate=0.1, max_depth=-1,
              min_child_samples=20, min_child_weight=0.001, min_split_gain=0.0,
              n_estimators=100, n_jobs=-1, num_leaves=31, objective=None,
              random_state=123, reg_alpha=0.0, reg_lambda=0.0, silent='warn',
              subsample=1.0, subsample_for_bin=200000, subsample_freq=0), fold=None, fit_kwargs=None, plot_kwargs=None, feature_name=None, groups=None, use_train_data=False)
2022-11-06 14:53:56,526:INFO:Initializing plot_model()
2022-11-06 14:53:56,529:INFO:plot_model(fold=KFold(n_splits=10, random_state=123, shuffle=True), use_train_data=False, verbose=True, is_in_evaluate=True, display=None, display_format=None, estimator=LGBMRegressor(boosting_type='gbdt', class_weight=None, colsample_bytree=1.0,
              importance_type='split', learning_rate=0.1, max_depth=-1,
              min_child_samples=20, min_child_weight=0.001, min_split_gain=0.0,
              n_estimators=100, n_jobs=-1, num_leaves=31, objective=None,
              random_state=123, reg_alpha=0.0, reg_lambda=0.0, silent='warn',
              subsample=1.0, subsample_for_bin=200000, subsample_freq=0), feature_name=None, fit_kwargs={}, groups=None, label=False, plot=parameter, plot_kwargs={}, save=False, scale=1, system=True)
2022-11-06 14:53:56,532:INFO:Checking exceptions
2022-11-06 14:53:56,534:INFO:Preparing display monitor
2022-11-06 14:53:56,557:INFO:Preloading libraries
2022-11-06 14:53:56,588:INFO:Copying training dataset
2022-11-06 14:53:56,593:INFO:Copying test dataset
2022-11-06 14:53:56,596:INFO:Plot type: parameter
2022-11-06 14:53:56,616:INFO:Visual Rendered Successfully
2022-11-06 14:53:56,759:INFO:plot_model() succesfully completed......................................
2022-11-06 14:54:00,587:INFO:Initializing plot_model()
2022-11-06 14:54:00,590:INFO:plot_model(fold=KFold(n_splits=10, random_state=123, shuffle=True), use_train_data=False, verbose=True, is_in_evaluate=True, display=None, display_format=None, estimator=LGBMRegressor(boosting_type='gbdt', class_weight=None, colsample_bytree=1.0,
              importance_type='split', learning_rate=0.1, max_depth=-1,
              min_child_samples=20, min_child_weight=0.001, min_split_gain=0.0,
              n_estimators=100, n_jobs=-1, num_leaves=31, objective=None,
              random_state=123, reg_alpha=0.0, reg_lambda=0.0, silent='warn',
              subsample=1.0, subsample_for_bin=200000, subsample_freq=0), feature_name=None, fit_kwargs={}, groups=None, label=False, plot=residuals, plot_kwargs={}, save=False, scale=1, system=True)
2022-11-06 14:54:00,593:INFO:Checking exceptions
2022-11-06 14:54:00,596:INFO:Preparing display monitor
2022-11-06 14:54:00,624:INFO:Preloading libraries
2022-11-06 14:54:00,658:INFO:Copying training dataset
2022-11-06 14:54:00,662:INFO:Copying test dataset
2022-11-06 14:54:00,666:INFO:Plot type: residuals
2022-11-06 14:54:00,734:INFO:Fitting Model
2022-11-06 14:54:00,938:INFO:Scoring test/hold-out set
2022-11-06 14:54:01,948:INFO:Visual Rendered Successfully
2022-11-06 14:54:02,152:INFO:plot_model() succesfully completed......................................
2022-11-06 14:54:04,738:INFO:Initializing plot_model()
2022-11-06 14:54:04,741:INFO:plot_model(fold=KFold(n_splits=10, random_state=123, shuffle=True), use_train_data=False, verbose=True, is_in_evaluate=True, display=None, display_format=None, estimator=LGBMRegressor(boosting_type='gbdt', class_weight=None, colsample_bytree=1.0,
              importance_type='split', learning_rate=0.1, max_depth=-1,
              min_child_samples=20, min_child_weight=0.001, min_split_gain=0.0,
              n_estimators=100, n_jobs=-1, num_leaves=31, objective=None,
              random_state=123, reg_alpha=0.0, reg_lambda=0.0, silent='warn',
              subsample=1.0, subsample_for_bin=200000, subsample_freq=0), feature_name=None, fit_kwargs={}, groups=None, label=False, plot=error, plot_kwargs={}, save=False, scale=1, system=True)
2022-11-06 14:54:04,743:INFO:Checking exceptions
2022-11-06 14:54:04,745:INFO:Preparing display monitor
2022-11-06 14:54:04,770:INFO:Preloading libraries
2022-11-06 14:54:04,814:INFO:Copying training dataset
2022-11-06 14:54:04,818:INFO:Copying test dataset
2022-11-06 14:54:04,822:INFO:Plot type: error
2022-11-06 14:54:04,831:INFO:Fitting Model
2022-11-06 14:54:04,838:INFO:Scoring test/hold-out set
2022-11-06 14:54:05,222:INFO:Visual Rendered Successfully
2022-11-06 14:54:05,375:INFO:plot_model() succesfully completed......................................
2022-11-06 14:54:07,706:INFO:Initializing plot_model()
2022-11-06 14:54:07,708:INFO:plot_model(fold=KFold(n_splits=10, random_state=123, shuffle=True), use_train_data=False, verbose=True, is_in_evaluate=True, display=None, display_format=None, estimator=LGBMRegressor(boosting_type='gbdt', class_weight=None, colsample_bytree=1.0,
              importance_type='split', learning_rate=0.1, max_depth=-1,
              min_child_samples=20, min_child_weight=0.001, min_split_gain=0.0,
              n_estimators=100, n_jobs=-1, num_leaves=31, objective=None,
              random_state=123, reg_alpha=0.0, reg_lambda=0.0, silent='warn',
              subsample=1.0, subsample_for_bin=200000, subsample_freq=0), feature_name=None, fit_kwargs={}, groups=None, label=False, plot=cooks, plot_kwargs={}, save=False, scale=1, system=True)
2022-11-06 14:54:07,713:INFO:Checking exceptions
2022-11-06 14:54:07,715:INFO:Preparing display monitor
2022-11-06 14:54:07,742:INFO:Preloading libraries
2022-11-06 14:54:07,770:INFO:Copying training dataset
2022-11-06 14:54:07,775:INFO:Copying test dataset
2022-11-06 14:54:07,779:INFO:Plot type: cooks
2022-11-06 14:54:07,788:INFO:Fitting Model
2022-11-06 14:54:08,493:INFO:Visual Rendered Successfully
2022-11-06 14:54:08,686:INFO:plot_model() succesfully completed......................................
2022-11-06 14:54:10,304:INFO:Initializing plot_model()
2022-11-06 14:54:10,306:INFO:plot_model(fold=KFold(n_splits=10, random_state=123, shuffle=True), use_train_data=False, verbose=True, is_in_evaluate=True, display=None, display_format=None, estimator=LGBMRegressor(boosting_type='gbdt', class_weight=None, colsample_bytree=1.0,
              importance_type='split', learning_rate=0.1, max_depth=-1,
              min_child_samples=20, min_child_weight=0.001, min_split_gain=0.0,
              n_estimators=100, n_jobs=-1, num_leaves=31, objective=None,
              random_state=123, reg_alpha=0.0, reg_lambda=0.0, silent='warn',
              subsample=1.0, subsample_for_bin=200000, subsample_freq=0), feature_name=None, fit_kwargs={}, groups=None, label=False, plot=rfe, plot_kwargs={}, save=False, scale=1, system=True)
2022-11-06 14:54:10,310:INFO:Checking exceptions
2022-11-06 14:54:10,312:INFO:Preparing display monitor
2022-11-06 14:54:10,340:INFO:Preloading libraries
2022-11-06 14:54:10,373:INFO:Copying training dataset
2022-11-06 14:54:10,379:INFO:Copying test dataset
2022-11-06 14:54:10,384:INFO:Plot type: rfe
2022-11-06 14:54:10,396:INFO:Fitting Model
2022-11-06 14:55:07,701:INFO:Visual Rendered Successfully
2022-11-06 14:55:07,907:INFO:plot_model() succesfully completed......................................
2022-11-06 14:56:08,652:INFO:Initializing plot_model()
2022-11-06 14:56:08,656:INFO:plot_model(fold=KFold(n_splits=10, random_state=123, shuffle=True), use_train_data=False, verbose=True, is_in_evaluate=True, display=None, display_format=None, estimator=LGBMRegressor(boosting_type='gbdt', class_weight=None, colsample_bytree=1.0,
              importance_type='split', learning_rate=0.1, max_depth=-1,
              min_child_samples=20, min_child_weight=0.001, min_split_gain=0.0,
              n_estimators=100, n_jobs=-1, num_leaves=31, objective=None,
              random_state=123, reg_alpha=0.0, reg_lambda=0.0, silent='warn',
              subsample=1.0, subsample_for_bin=200000, subsample_freq=0), feature_name=None, fit_kwargs={}, groups=None, label=False, plot=learning, plot_kwargs={}, save=False, scale=1, system=True)
2022-11-06 14:56:08,657:INFO:Checking exceptions
2022-11-06 14:56:08,659:INFO:Preparing display monitor
2022-11-06 14:56:08,683:INFO:Preloading libraries
2022-11-06 14:56:08,708:INFO:Copying training dataset
2022-11-06 14:56:08,721:INFO:Copying test dataset
2022-11-06 14:56:08,726:INFO:Plot type: learning
2022-11-06 14:56:08,736:INFO:Fitting Model
2022-11-06 14:56:30,250:INFO:Visual Rendered Successfully
2022-11-06 14:56:30,457:INFO:plot_model() succesfully completed......................................
2022-11-06 14:57:18,081:INFO:Initializing plot_model()
2022-11-06 14:57:18,085:INFO:plot_model(fold=KFold(n_splits=10, random_state=123, shuffle=True), use_train_data=False, verbose=True, is_in_evaluate=True, display=None, display_format=None, estimator=LGBMRegressor(boosting_type='gbdt', class_weight=None, colsample_bytree=1.0,
              importance_type='split', learning_rate=0.1, max_depth=-1,
              min_child_samples=20, min_child_weight=0.001, min_split_gain=0.0,
              n_estimators=100, n_jobs=-1, num_leaves=31, objective=None,
              random_state=123, reg_alpha=0.0, reg_lambda=0.0, silent='warn',
              subsample=1.0, subsample_for_bin=200000, subsample_freq=0), feature_name=None, fit_kwargs={}, groups=None, label=False, plot=manifold, plot_kwargs={}, save=False, scale=1, system=True)
2022-11-06 14:57:18,086:INFO:Checking exceptions
2022-11-06 14:57:18,088:INFO:Preparing display monitor
2022-11-06 14:57:18,116:INFO:Preloading libraries
2022-11-06 14:57:18,143:INFO:Copying training dataset
2022-11-06 14:57:18,149:INFO:Copying test dataset
2022-11-06 14:57:18,152:INFO:Plot type: manifold
2022-11-06 14:57:18,183:INFO:Fitting & Transforming Model
2022-11-06 14:59:56,515:INFO:Visual Rendered Successfully
2022-11-06 14:59:57,022:INFO:plot_model() succesfully completed......................................
2022-11-06 15:00:16,319:INFO:Initializing plot_model()
2022-11-06 15:00:16,323:INFO:plot_model(fold=KFold(n_splits=10, random_state=123, shuffle=True), use_train_data=False, verbose=True, is_in_evaluate=True, display=None, display_format=None, estimator=LGBMRegressor(boosting_type='gbdt', class_weight=None, colsample_bytree=1.0,
              importance_type='split', learning_rate=0.1, max_depth=-1,
              min_child_samples=20, min_child_weight=0.001, min_split_gain=0.0,
              n_estimators=100, n_jobs=-1, num_leaves=31, objective=None,
              random_state=123, reg_alpha=0.0, reg_lambda=0.0, silent='warn',
              subsample=1.0, subsample_for_bin=200000, subsample_freq=0), feature_name=None, fit_kwargs={}, groups=None, label=False, plot=vc, plot_kwargs={}, save=False, scale=1, system=True)
2022-11-06 15:00:16,325:INFO:Checking exceptions
2022-11-06 15:00:16,328:INFO:Preparing display monitor
2022-11-06 15:00:16,360:INFO:Preloading libraries
2022-11-06 15:00:16,396:INFO:Copying training dataset
2022-11-06 15:00:16,402:INFO:Copying test dataset
2022-11-06 15:00:16,407:INFO:Plot type: vc
2022-11-06 15:00:16,417:INFO:Determining param_name
2022-11-06 15:00:16,422:INFO:param_name: actual_estimator__max_depth
2022-11-06 15:00:16,433:INFO:Fitting Model
2022-11-06 15:00:31,981:INFO:Visual Rendered Successfully
2022-11-06 15:00:32,168:INFO:plot_model() succesfully completed......................................
2022-11-06 15:00:35,703:INFO:Initializing plot_model()
2022-11-06 15:00:35,706:INFO:plot_model(fold=KFold(n_splits=10, random_state=123, shuffle=True), use_train_data=False, verbose=True, is_in_evaluate=True, display=None, display_format=None, estimator=LGBMRegressor(boosting_type='gbdt', class_weight=None, colsample_bytree=1.0,
              importance_type='split', learning_rate=0.1, max_depth=-1,
              min_child_samples=20, min_child_weight=0.001, min_split_gain=0.0,
              n_estimators=100, n_jobs=-1, num_leaves=31, objective=None,
              random_state=123, reg_alpha=0.0, reg_lambda=0.0, silent='warn',
              subsample=1.0, subsample_for_bin=200000, subsample_freq=0), feature_name=None, fit_kwargs={}, groups=None, label=False, plot=feature, plot_kwargs={}, save=False, scale=1, system=True)
2022-11-06 15:00:35,708:INFO:Checking exceptions
2022-11-06 15:00:35,711:INFO:Preparing display monitor
2022-11-06 15:00:35,740:INFO:Preloading libraries
2022-11-06 15:00:35,766:INFO:Copying training dataset
2022-11-06 15:00:35,770:INFO:Copying test dataset
2022-11-06 15:00:35,773:INFO:Plot type: feature
2022-11-06 15:00:35,781:WARNING:No coef_ found. Trying feature_importances_
2022-11-06 15:00:35,989:INFO:Visual Rendered Successfully
2022-11-06 15:00:36,183:INFO:plot_model() succesfully completed......................................
2022-11-06 15:00:39,099:INFO:Initializing plot_model()
2022-11-06 15:00:39,102:INFO:plot_model(fold=KFold(n_splits=10, random_state=123, shuffle=True), use_train_data=False, verbose=True, is_in_evaluate=True, display=None, display_format=None, estimator=LGBMRegressor(boosting_type='gbdt', class_weight=None, colsample_bytree=1.0,
              importance_type='split', learning_rate=0.1, max_depth=-1,
              min_child_samples=20, min_child_weight=0.001, min_split_gain=0.0,
              n_estimators=100, n_jobs=-1, num_leaves=31, objective=None,
              random_state=123, reg_alpha=0.0, reg_lambda=0.0, silent='warn',
              subsample=1.0, subsample_for_bin=200000, subsample_freq=0), feature_name=None, fit_kwargs={}, groups=None, label=False, plot=feature_all, plot_kwargs={}, save=False, scale=1, system=True)
2022-11-06 15:00:39,107:INFO:Checking exceptions
2022-11-06 15:00:39,110:INFO:Preparing display monitor
2022-11-06 15:00:39,136:INFO:Preloading libraries
2022-11-06 15:00:39,182:INFO:Copying training dataset
2022-11-06 15:00:39,186:INFO:Copying test dataset
2022-11-06 15:00:39,191:INFO:Plot type: feature_all
2022-11-06 15:00:39,198:WARNING:No coef_ found. Trying feature_importances_
2022-11-06 15:01:29,301:INFO:Initializing plot_model()
2022-11-06 15:01:29,305:INFO:plot_model(fold=KFold(n_splits=10, random_state=123, shuffle=True), use_train_data=False, verbose=True, is_in_evaluate=True, display=None, display_format=None, estimator=LGBMRegressor(boosting_type='gbdt', class_weight=None, colsample_bytree=1.0,
              importance_type='split', learning_rate=0.1, max_depth=-1,
              min_child_samples=20, min_child_weight=0.001, min_split_gain=0.0,
              n_estimators=100, n_jobs=-1, num_leaves=31, objective=None,
              random_state=123, reg_alpha=0.0, reg_lambda=0.0, silent='warn',
              subsample=1.0, subsample_for_bin=200000, subsample_freq=0), feature_name=None, fit_kwargs={}, groups=None, label=False, plot=tree, plot_kwargs={}, save=False, scale=1, system=True)
2022-11-06 15:01:29,308:INFO:Checking exceptions
2022-11-06 15:01:37,343:INFO:Initializing plot_model()
2022-11-06 15:01:37,348:INFO:plot_model(fold=KFold(n_splits=10, random_state=123, shuffle=True), use_train_data=False, verbose=True, is_in_evaluate=True, display=None, display_format=None, estimator=LGBMRegressor(boosting_type='gbdt', class_weight=None, colsample_bytree=1.0,
              importance_type='split', learning_rate=0.1, max_depth=-1,
              min_child_samples=20, min_child_weight=0.001, min_split_gain=0.0,
              n_estimators=100, n_jobs=-1, num_leaves=31, objective=None,
              random_state=123, reg_alpha=0.0, reg_lambda=0.0, silent='warn',
              subsample=1.0, subsample_for_bin=200000, subsample_freq=0), feature_name=None, fit_kwargs={}, groups=None, label=False, plot=residuals_interactive, plot_kwargs={}, save=False, scale=1, system=True)
2022-11-06 15:01:37,350:INFO:Checking exceptions
2022-11-06 15:01:38,818:INFO:Initializing plot_model()
2022-11-06 15:01:38,821:INFO:plot_model(fold=KFold(n_splits=10, random_state=123, shuffle=True), use_train_data=False, verbose=True, is_in_evaluate=True, display=None, display_format=None, estimator=LGBMRegressor(boosting_type='gbdt', class_weight=None, colsample_bytree=1.0,
              importance_type='split', learning_rate=0.1, max_depth=-1,
              min_child_samples=20, min_child_weight=0.001, min_split_gain=0.0,
              n_estimators=100, n_jobs=-1, num_leaves=31, objective=None,
              random_state=123, reg_alpha=0.0, reg_lambda=0.0, silent='warn',
              subsample=1.0, subsample_for_bin=200000, subsample_freq=0), feature_name=None, fit_kwargs={}, groups=None, label=False, plot=feature_all, plot_kwargs={}, save=False, scale=1, system=True)
2022-11-06 15:01:38,824:INFO:Checking exceptions
2022-11-06 15:01:38,826:INFO:Preparing display monitor
2022-11-06 15:01:38,858:INFO:Preloading libraries
2022-11-06 15:01:38,894:INFO:Copying training dataset
2022-11-06 15:01:38,902:INFO:Copying test dataset
2022-11-06 15:01:38,907:INFO:Plot type: feature_all
2022-11-06 15:01:38,913:WARNING:No coef_ found. Trying feature_importances_
2022-11-06 15:10:04,639:INFO:Initializing plot_model()
2022-11-06 15:10:04,642:INFO:plot_model(fold=KFold(n_splits=10, random_state=123, shuffle=True), use_train_data=False, verbose=True, is_in_evaluate=True, display=None, display_format=None, estimator=LGBMRegressor(boosting_type='gbdt', class_weight=None, colsample_bytree=1.0,
              importance_type='split', learning_rate=0.1, max_depth=-1,
              min_child_samples=20, min_child_weight=0.001, min_split_gain=0.0,
              n_estimators=100, n_jobs=-1, num_leaves=31, objective=None,
              random_state=123, reg_alpha=0.0, reg_lambda=0.0, silent='warn',
              subsample=1.0, subsample_for_bin=200000, subsample_freq=0), feature_name=None, fit_kwargs={}, groups=None, label=False, plot=feature, plot_kwargs={}, save=False, scale=1, system=True)
2022-11-06 15:10:04,646:INFO:Checking exceptions
2022-11-06 15:10:04,649:INFO:Preparing display monitor
2022-11-06 15:10:04,677:INFO:Preloading libraries
2022-11-06 15:10:04,707:INFO:Copying training dataset
2022-11-06 15:10:04,713:INFO:Copying test dataset
2022-11-06 15:10:04,718:INFO:Plot type: feature
2022-11-06 15:10:04,727:WARNING:No coef_ found. Trying feature_importances_
2022-11-06 15:10:04,961:INFO:Visual Rendered Successfully
2022-11-06 15:10:05,177:INFO:plot_model() succesfully completed......................................
2022-11-06 15:10:07,716:INFO:Initializing plot_model()
2022-11-06 15:10:07,719:INFO:plot_model(fold=KFold(n_splits=10, random_state=123, shuffle=True), use_train_data=False, verbose=True, is_in_evaluate=True, display=None, display_format=None, estimator=LGBMRegressor(boosting_type='gbdt', class_weight=None, colsample_bytree=1.0,
              importance_type='split', learning_rate=0.1, max_depth=-1,
              min_child_samples=20, min_child_weight=0.001, min_split_gain=0.0,
              n_estimators=100, n_jobs=-1, num_leaves=31, objective=None,
              random_state=123, reg_alpha=0.0, reg_lambda=0.0, silent='warn',
              subsample=1.0, subsample_for_bin=200000, subsample_freq=0), feature_name=None, fit_kwargs={}, groups=None, label=False, plot=feature_all, plot_kwargs={}, save=False, scale=1, system=True)
2022-11-06 15:10:07,722:INFO:Checking exceptions
2022-11-06 15:10:07,726:INFO:Preparing display monitor
2022-11-06 15:10:07,748:INFO:Preloading libraries
2022-11-06 15:10:07,793:INFO:Copying training dataset
2022-11-06 15:10:07,798:INFO:Copying test dataset
2022-11-06 15:10:07,803:INFO:Plot type: feature_all
2022-11-06 15:10:07,808:WARNING:No coef_ found. Trying feature_importances_
2022-11-06 15:11:55,724:INFO:Initializing predict_model()
2022-11-06 15:11:55,730:INFO:predict_model(estimator=LGBMRegressor(boosting_type='gbdt', class_weight=None, colsample_bytree=1.0,
              importance_type='split', learning_rate=0.1, max_depth=-1,
              min_child_samples=20, min_child_weight=0.001, min_split_gain=0.0,
              n_estimators=100, n_jobs=-1, num_leaves=31, objective=None,
              random_state=123, reg_alpha=0.0, reg_lambda=0.0, silent='warn',
              subsample=1.0, subsample_for_bin=200000, subsample_freq=0), probability_threshold=None, encoded_labels=True, drift_report=False, raw_score=False, round=4, verbose=True, ml_usecase=MLUsecase.REGRESSION, display=None, drift_kwargs=None)
2022-11-06 15:11:55,734:INFO:Checking exceptions
2022-11-06 15:11:55,736:INFO:Preloading libraries
2022-11-06 15:11:55,739:INFO:Preparing display monitor
2022-11-06 15:13:40,683:INFO:Initializing save_model()
2022-11-06 15:13:40,687:INFO:save_model(model=LGBMRegressor(boosting_type='gbdt', class_weight=None, colsample_bytree=1.0,
              importance_type='split', learning_rate=0.1, max_depth=-1,
              min_child_samples=20, min_child_weight=0.001, min_split_gain=0.0,
              n_estimators=100, n_jobs=-1, num_leaves=31, objective=None,
              random_state=123, reg_alpha=0.0, reg_lambda=0.0, silent='warn',
              subsample=1.0, subsample_for_bin=200000, subsample_freq=0), model_name=regression, prep_pipe_=Pipeline(memory=None,
         steps=[('dtypes',
                 DataTypes_Auto_infer(categorical_features=[],
                                      display_types=True, features_todrop=[],
                                      id_columns=[], ml_usecase='regression',
                                      numerical_features=[], target='price',
                                      time_features=[])),
                ('imputer',
                 Simple_Imputer(categorical_strategy='not_available',
                                fill_value_categorical=None,
                                fill_value_numerical=None,
                                numeric_strategy='...
                ('scaling', 'passthrough'), ('P_transform', 'passthrough'),
                ('binn', 'passthrough'), ('rem_outliers', 'passthrough'),
                ('cluster_all', 'passthrough'),
                ('dummy', Dummify(target='price')),
                ('fix_perfect', Remove_100(target='price')),
                ('clean_names', Clean_Colum_Names()),
                ('feature_select', 'passthrough'), ('fix_multi', 'passthrough'),
                ('dfs', 'passthrough'), ('pca', 'passthrough')],
         verbose=False), verbose=True, kwargs={})
2022-11-06 15:13:40,690:INFO:Adding model into prep_pipe
2022-11-06 15:13:40,718:INFO:regression.pkl saved in current working directory
2022-11-06 15:13:40,729:INFO:Pipeline(memory=None,
         steps=[('dtypes',
                 DataTypes_Auto_infer(categorical_features=[],
                                      display_types=True, features_todrop=[],
                                      id_columns=[], ml_usecase='regression',
                                      numerical_features=[], target='price',
                                      time_features=[])),
                ('imputer',
                 Simple_Imputer(categorical_strategy='not_available',
                                fill_value_categorical=None,
                                fill_value_numerical=None,
                                numeric_strategy='...
                 LGBMRegressor(boosting_type='gbdt', class_weight=None,
                               colsample_bytree=1.0, importance_type='split',
                               learning_rate=0.1, max_depth=-1,
                               min_child_samples=20, min_child_weight=0.001,
                               min_split_gain=0.0, n_estimators=100, n_jobs=-1,
                               num_leaves=31, objective=None, random_state=123,
                               reg_alpha=0.0, reg_lambda=0.0, silent='warn',
                               subsample=1.0, subsample_for_bin=200000,
                               subsample_freq=0)]],
         verbose=False)
2022-11-06 15:13:40,730:INFO:save_model() successfully completed......................................
